INFO  2007-03-08 16:45:13,949 RollerConfig:<clinit> - successfully loaded default properties.
INFO  2007-03-08 16:45:13,953 RollerConfig:<clinit> - no custom properties file found in classpath
INFO  2007-03-08 16:45:13,957 RollerConfig:<clinit> - successfully loaded custom properties from /Users/dave/Source/roller-svn/roller/trunk/sandbox/scripting/groovy/bin/roller-custom.properties
INFO  2007-03-08 16:45:13,989 HibernatePersistenceStrategy:<init> - configResource: /hibernate.cfg.xml
INFO  2007-03-08 16:45:13,989 HibernatePersistenceStrategy:<init> - dialect:        org.hibernate.dialect.DerbyDialect
INFO  2007-03-08 16:45:13,990 HibernatePersistenceStrategy:<init> - driverClass:    org.apache.derby.jdbc.ClientDriver
INFO  2007-03-08 16:45:13,991 HibernatePersistenceStrategy:<init> - connectionURL:  jdbc:derby://localhost:1527/roller-jpa
INFO  2007-03-08 16:45:13,991 HibernatePersistenceStrategy:<init> - username:       APP 
INFO  2007-03-08 16:45:14,086 Environment:<clinit> - Hibernate 3.1.2
INFO  2007-03-08 16:45:14,089 Environment:<clinit> - hibernate.properties not found
INFO  2007-03-08 16:45:14,093 Environment:<clinit> - using CGLIB reflection optimizer
INFO  2007-03-08 16:45:14,095 Environment:<clinit> - using JDK 1.4 java.sql.Timestamp handling
INFO  2007-03-08 16:45:14,154 Configuration:configure - configuring from XML document
INFO  2007-03-08 16:45:14,198 Configuration:addResource - Reading mappings from resource: org/apache/roller/pojos/RollerPropertyData.hbm.xml
INFO  2007-03-08 16:45:14,327 HbmBinder:bindRootPersistentClassCommonValues - Mapping class: org.apache.roller.pojos.RollerPropertyData -> roller_properties
INFO  2007-03-08 16:45:14,345 Configuration:addResource - Reading mappings from resource: org/apache/roller/pojos/UserData.hbm.xml
INFO  2007-03-08 16:45:14,381 HbmBinder:bindRootPersistentClassCommonValues - Mapping class: org.apache.roller.pojos.UserData -> rolleruser
INFO  2007-03-08 16:45:14,388 Configuration:addResource - Reading mappings from resource: org/apache/roller/pojos/RoleData.hbm.xml
INFO  2007-03-08 16:45:14,413 HbmBinder:bindRootPersistentClassCommonValues - Mapping class: org.apache.roller.pojos.RoleData -> userrole
INFO  2007-03-08 16:45:14,459 Configuration:addResource - Reading mappings from resource: org/apache/roller/pojos/RollerConfigData.hbm.xml
INFO  2007-03-08 16:45:14,485 HbmBinder:bindRootPersistentClassCommonValues - Mapping class: org.apache.roller.pojos.RollerConfigData -> rollerconfig
INFO  2007-03-08 16:45:14,488 Configuration:addResource - Reading mappings from resource: org/apache/roller/pojos/WebsiteData.hbm.xml
INFO  2007-03-08 16:45:14,509 HbmBinder:bindRootPersistentClassCommonValues - Mapping class: org.apache.roller.pojos.WebsiteData -> website
INFO  2007-03-08 16:45:14,512 Configuration:addResource - Reading mappings from resource: org/apache/roller/pojos/PermissionsData.hbm.xml
INFO  2007-03-08 16:45:14,522 HbmBinder:bindRootPersistentClassCommonValues - Mapping class: org.apache.roller.pojos.PermissionsData -> roller_user_permissions
INFO  2007-03-08 16:45:14,525 Configuration:addResource - Reading mappings from resource: org/apache/roller/pojos/BookmarkData.hbm.xml
INFO  2007-03-08 16:45:14,536 HbmBinder:bindRootPersistentClassCommonValues - Mapping class: org.apache.roller.pojos.BookmarkData -> bookmark
INFO  2007-03-08 16:45:14,537 Configuration:addResource - Reading mappings from resource: org/apache/roller/pojos/CommentData.hbm.xml
INFO  2007-03-08 16:45:14,553 HbmBinder:bindRootPersistentClassCommonValues - Mapping class: org.apache.roller.pojos.CommentData -> roller_comment
INFO  2007-03-08 16:45:14,555 Configuration:addResource - Reading mappings from resource: org/apache/roller/pojos/FolderData.hbm.xml
INFO  2007-03-08 16:45:14,569 HbmBinder:bindRootPersistentClassCommonValues - Mapping class: org.apache.roller.pojos.FolderData -> folder
INFO  2007-03-08 16:45:14,570 Configuration:addResource - Reading mappings from resource: org/apache/roller/pojos/WeblogTemplate.hbm.xml
INFO  2007-03-08 16:45:14,618 HbmBinder:bindRootPersistentClassCommonValues - Mapping class: org.apache.roller.pojos.WeblogTemplate -> webpage
INFO  2007-03-08 16:45:14,619 Configuration:addResource - Reading mappings from resource: org/apache/roller/pojos/PingCategoryRestrictionData.hbm.xml
INFO  2007-03-08 16:45:14,629 HbmBinder:bindRootPersistentClassCommonValues - Mapping class: org.apache.roller.pojos.PingCategoryRestrictionData -> pingcategory
INFO  2007-03-08 16:45:14,630 Configuration:addResource - Reading mappings from resource: org/apache/roller/pojos/AutoPingData.hbm.xml
INFO  2007-03-08 16:45:14,640 HbmBinder:bindRootPersistentClassCommonValues - Mapping class: org.apache.roller.pojos.AutoPingData -> autoping
INFO  2007-03-08 16:45:14,640 Configuration:addResource - Reading mappings from resource: org/apache/roller/pojos/PingQueueEntryData.hbm.xml
INFO  2007-03-08 16:45:14,649 HbmBinder:bindRootPersistentClassCommonValues - Mapping class: org.apache.roller.pojos.PingQueueEntryData -> pingqueueentry
INFO  2007-03-08 16:45:14,650 Configuration:addResource - Reading mappings from resource: org/apache/roller/pojos/PingTargetData.hbm.xml
INFO  2007-03-08 16:45:14,662 HbmBinder:bindRootPersistentClassCommonValues - Mapping class: org.apache.roller.pojos.PingTargetData -> pingtarget
INFO  2007-03-08 16:45:14,663 Configuration:addResource - Reading mappings from resource: org/apache/roller/pojos/RefererData.hbm.xml
INFO  2007-03-08 16:45:14,675 HbmBinder:bindRootPersistentClassCommonValues - Mapping class: org.apache.roller.pojos.RefererData -> referer
INFO  2007-03-08 16:45:14,677 Configuration:addResource - Reading mappings from resource: org/apache/roller/pojos/TaskLockData.hbm.xml
INFO  2007-03-08 16:45:14,685 HbmBinder:bindRootPersistentClassCommonValues - Mapping class: org.apache.roller.pojos.TaskLockData -> roller_tasklock
INFO  2007-03-08 16:45:14,686 Configuration:addResource - Reading mappings from resource: org/apache/roller/pojos/HitCountData.hbm.xml
INFO  2007-03-08 16:45:14,695 HbmBinder:bindRootPersistentClassCommonValues - Mapping class: org.apache.roller.pojos.HitCountData -> roller_hitcounts
INFO  2007-03-08 16:45:14,696 Configuration:addResource - Reading mappings from resource: org/apache/roller/pojos/WeblogEntryData.hbm.xml
INFO  2007-03-08 16:45:14,710 HbmBinder:bindRootPersistentClassCommonValues - Mapping class: org.apache.roller.pojos.WeblogEntryData -> weblogentry
INFO  2007-03-08 16:45:14,712 Configuration:addResource - Reading mappings from resource: org/apache/roller/pojos/WeblogEntryTagData.hbm.xml
INFO  2007-03-08 16:45:14,734 HbmBinder:bindRootPersistentClassCommonValues - Mapping class: org.apache.roller.pojos.WeblogEntryTagData -> roller_weblogentrytag
INFO  2007-03-08 16:45:14,734 Configuration:addResource - Reading mappings from resource: org/apache/roller/pojos/WeblogEntryTagAggregateData.hbm.xml
INFO  2007-03-08 16:45:14,782 HbmBinder:bindRootPersistentClassCommonValues - Mapping class: org.apache.roller.pojos.WeblogEntryTagAggregateData -> roller_weblogentrytagagg
INFO  2007-03-08 16:45:14,784 Configuration:addResource - Reading mappings from resource: org/apache/roller/pojos/EntryAttributeData.hbm.xml
INFO  2007-03-08 16:45:14,791 HbmBinder:bindRootPersistentClassCommonValues - Mapping class: org.apache.roller.pojos.EntryAttributeData -> entryattribute
INFO  2007-03-08 16:45:14,792 Configuration:addResource - Reading mappings from resource: org/apache/roller/pojos/WeblogCategoryData.hbm.xml
INFO  2007-03-08 16:45:14,801 HbmBinder:bindRootPersistentClassCommonValues - Mapping class: org.apache.roller.pojos.WeblogCategoryData -> weblogcategory
INFO  2007-03-08 16:45:14,802 Configuration:doConfigure - Configured SessionFactory: null
INFO  2007-03-08 16:45:14,804 HbmBinder:bindCollectionSecondPass - Mapping collection: org.apache.roller.pojos.UserData.permissions -> roller_user_permissions
INFO  2007-03-08 16:45:14,805 HbmBinder:bindCollectionSecondPass - Mapping collection: org.apache.roller.pojos.UserData.roles -> userrole
INFO  2007-03-08 16:45:14,805 HbmBinder:bindCollectionSecondPass - Mapping collection: org.apache.roller.pojos.WebsiteData.permissions -> roller_user_permissions
INFO  2007-03-08 16:45:14,806 HbmBinder:bindCollectionSecondPass - Mapping collection: org.apache.roller.pojos.FolderData.folders -> folder
INFO  2007-03-08 16:45:14,807 HbmBinder:bindCollectionSecondPass - Mapping collection: org.apache.roller.pojos.FolderData.bookmarks -> bookmark
INFO  2007-03-08 16:45:14,808 HbmBinder:bindCollectionSecondPass - Mapping collection: org.apache.roller.pojos.WeblogEntryData.entryAttributes -> entryattribute
INFO  2007-03-08 16:45:14,808 HbmBinder:bindCollectionSecondPass - Mapping collection: org.apache.roller.pojos.WeblogEntryData.tags -> roller_weblogentrytag
INFO  2007-03-08 16:45:14,809 HbmBinder:bindCollectionSecondPass - Mapping collection: org.apache.roller.pojos.WeblogCategoryData.weblogCategories -> weblogcategory
INFO  2007-03-08 16:45:14,818 DriverManagerConnectionProvider:configure - Using Hibernate built-in connection pool (not for production use!)
INFO  2007-03-08 16:45:14,819 DriverManagerConnectionProvider:configure - Hibernate connection pool size: 20
INFO  2007-03-08 16:45:14,819 DriverManagerConnectionProvider:configure - autocommit mode: false
INFO  2007-03-08 16:45:14,829 DriverManagerConnectionProvider:configure - using driver: org.apache.derby.jdbc.ClientDriver at URL: jdbc:derby://localhost:1527/roller-jpa
INFO  2007-03-08 16:45:14,829 DriverManagerConnectionProvider:configure - connection properties: {user=APP, password=****}
WARN  2007-03-08 16:45:14,877 SettingsFactory:buildSettings - Could not obtain connection metadata
org.apache.derby.client.am.DisconnectException: java.security.PrivilegedActionException : Error opening socket to server localhost on port 1527 with message : null
	at org.apache.derby.client.net.NetAgent.<init>(Unknown Source)
	at org.apache.derby.client.net.NetConnection.newAgent_(Unknown Source)
	at org.apache.derby.client.am.Connection.<init>(Unknown Source)
	at org.apache.derby.client.net.NetConnection.<init>(Unknown Source)
	at org.apache.derby.jdbc.ClientDriver.connect(Unknown Source)
	at java.sql.DriverManager.getConnection(DriverManager.java:525)
	at java.sql.DriverManager.getConnection(DriverManager.java:140)
	at org.hibernate.connection.DriverManagerConnectionProvider.getConnection(DriverManagerConnectionProvider.java:110)
	at org.hibernate.cfg.SettingsFactory.buildSettings(SettingsFactory.java:72)
	at org.hibernate.cfg.Configuration.buildSettings(Configuration.java:1881)
	at org.hibernate.cfg.Configuration.buildSessionFactory(Configuration.java:1174)
	at org.apache.roller.business.hibernate.HibernatePersistenceStrategy.<init>(HibernatePersistenceStrategy.java:191)
	at org.apache.roller.business.hibernate.HibernateRollerImpl.<init>(HibernateRollerImpl.java:72)
	at org.apache.roller.business.hibernate.HibernateRollerImpl.instantiate(HibernateRollerImpl.java:99)
	at sun.reflect.NativeMethodAccessorImpl.invoke0(Native Method)
	at sun.reflect.NativeMethodAccessorImpl.invoke(NativeMethodAccessorImpl.java:39)
	at sun.reflect.DelegatingMethodAccessorImpl.invoke(DelegatingMethodAccessorImpl.java:25)
	at java.lang.reflect.Method.invoke(Method.java:585)
	at org.apache.roller.business.RollerFactory.getRoller(RollerFactory.java:66)
	at sun.reflect.NativeMethodAccessorImpl.invoke0(Native Method)
	at sun.reflect.NativeMethodAccessorImpl.invoke(NativeMethodAccessorImpl.java:39)
	at sun.reflect.DelegatingMethodAccessorImpl.invoke(DelegatingMethodAccessorImpl.java:25)
	at java.lang.reflect.Method.invoke(Method.java:585)
	at org.codehaus.groovy.runtime.ReflectionMetaMethod.invoke(ReflectionMetaMethod.java:69)
	at org.codehaus.groovy.runtime.MetaClassHelper.doMethodInvoke(MetaClassHelper.java:713)
	at groovy.lang.MetaClassImpl.invokeStaticMethod(MetaClassImpl.java:664)
	at org.codehaus.groovy.runtime.Invoker.invokeMethod(Invoker.java:111)
	at org.codehaus.groovy.runtime.InvokerHelper.invokeMethod(InvokerHelper.java:111)
	at org.codehaus.groovy.runtime.ScriptBytecodeAdapter.invokeMethodN(ScriptBytecodeAdapter.java:187)
	at org.codehaus.groovy.runtime.ScriptBytecodeAdapter.invokeMethod0(ScriptBytecodeAdapter.java:211)
	at listusers.run(listusers.gy:19)
	at sun.reflect.NativeMethodAccessorImpl.invoke0(Native Method)
	at sun.reflect.NativeMethodAccessorImpl.invoke(NativeMethodAccessorImpl.java:39)
	at sun.reflect.DelegatingMethodAccessorImpl.invoke(DelegatingMethodAccessorImpl.java:25)
	at java.lang.reflect.Method.invoke(Method.java:585)
	at org.codehaus.groovy.runtime.ReflectionMetaMethod.invoke(ReflectionMetaMethod.java:69)
	at org.codehaus.groovy.runtime.MetaClassHelper.doMethodInvoke(MetaClassHelper.java:713)
	at groovy.lang.MetaClassImpl.invokeMethod(MetaClassImpl.java:560)
	at groovy.lang.MetaClassImpl.invokeMethod(MetaClassImpl.java:450)
	at org.codehaus.groovy.runtime.Invoker.invokeMethod(Invoker.java:131)
	at org.codehaus.groovy.runtime.InvokerHelper.invokeMethod(InvokerHelper.java:111)
	at org.codehaus.groovy.runtime.InvokerHelper.runScript(InvokerHelper.java:408)
	at sun.reflect.NativeMethodAccessorImpl.invoke0(Native Method)
	at sun.reflect.NativeMethodAccessorImpl.invoke(NativeMethodAccessorImpl.java:39)
	at sun.reflect.DelegatingMethodAccessorImpl.invoke(DelegatingMethodAccessorImpl.java:25)
	at java.lang.reflect.Method.invoke(Method.java:585)
	at org.codehaus.groovy.runtime.ReflectionMetaMethod.invoke(ReflectionMetaMethod.java:69)
	at org.codehaus.groovy.runtime.MetaClassHelper.doMethodInvoke(MetaClassHelper.java:713)
	at groovy.lang.MetaClassImpl.invokeStaticMethod(MetaClassImpl.java:664)
	at org.codehaus.groovy.runtime.Invoker.invokeMethod(Invoker.java:111)
	at org.codehaus.groovy.runtime.InvokerHelper.invokeMethod(InvokerHelper.java:111)
	at org.codehaus.groovy.runtime.ScriptBytecodeAdapter.invokeMethodN(ScriptBytecodeAdapter.java:187)
	at listusers.main(listusers.gy)
	at sun.reflect.NativeMethodAccessorImpl.invoke0(Native Method)
	at sun.reflect.NativeMethodAccessorImpl.invoke(NativeMethodAccessorImpl.java:39)
	at sun.reflect.DelegatingMethodAccessorImpl.invoke(DelegatingMethodAccessorImpl.java:25)
	at java.lang.reflect.Method.invoke(Method.java:585)
	at org.codehaus.groovy.runtime.ReflectionMetaMethod.invoke(ReflectionMetaMethod.java:69)
	at org.codehaus.groovy.runtime.MetaClassHelper.doMethodInvoke(MetaClassHelper.java:713)
	at groovy.lang.MetaClassImpl.invokeStaticMethod(MetaClassImpl.java:664)
	at org.codehaus.groovy.runtime.Invoker.invokeMethod(Invoker.java:111)
	at org.codehaus.groovy.runtime.InvokerHelper.invokeMethod(InvokerHelper.java:111)
	at groovy.lang.GroovyShell.runMainOrTestOrRunnable(GroovyShell.java:319)
	at groovy.lang.GroovyShell.run(GroovyShell.java:244)
	at groovy.lang.GroovyShell.run(GroovyShell.java:173)
	at groovy.ui.GroovyMain.processOnce(GroovyMain.java:483)
	at groovy.ui.GroovyMain.run(GroovyMain.java:293)
	at groovy.ui.GroovyMain.process(GroovyMain.java:279)
	at groovy.ui.GroovyMain.main(GroovyMain.java:145)
	at groovy.lang.GroovyShell.main(GroovyShell.java:81)
INFO  2007-03-08 16:45:14,896 Dialect:<init> - Using dialect: org.hibernate.dialect.DerbyDialect
INFO  2007-03-08 16:45:14,902 TransactionFactoryFactory:buildTransactionFactory - Using default transaction strategy (direct JDBC transactions)
INFO  2007-03-08 16:45:14,903 TransactionManagerLookupFactory:getTransactionManagerLookup - No TransactionManagerLookup configured (in JTA environment, use of read-write or transactional second-level cache is not recommended)
INFO  2007-03-08 16:45:14,904 SettingsFactory:buildSettings - Automatic flush during beforeCompletion(): disabled
INFO  2007-03-08 16:45:14,904 SettingsFactory:buildSettings - Automatic session close at end of transaction: disabled
INFO  2007-03-08 16:45:14,905 SettingsFactory:buildSettings - Scrollable result sets: disabled
INFO  2007-03-08 16:45:14,907 SettingsFactory:buildSettings - JDBC3 getGeneratedKeys(): disabled
INFO  2007-03-08 16:45:14,907 SettingsFactory:buildSettings - Connection release mode: auto
INFO  2007-03-08 16:45:14,908 SettingsFactory:buildSettings - Default batch fetch size: 1
INFO  2007-03-08 16:45:14,909 SettingsFactory:buildSettings - Generate SQL with comments: disabled
INFO  2007-03-08 16:45:14,910 SettingsFactory:buildSettings - Order SQL updates by primary key: disabled
INFO  2007-03-08 16:45:14,911 SettingsFactory:createQueryTranslatorFactory - Query translator: org.hibernate.hql.ast.ASTQueryTranslatorFactory
INFO  2007-03-08 16:45:14,913 ASTQueryTranslatorFactory:<init> - Using ASTQueryTranslatorFactory
INFO  2007-03-08 16:45:14,913 SettingsFactory:buildSettings - Query language substitutions: {}
INFO  2007-03-08 16:45:14,915 SettingsFactory:buildSettings - Second-level cache: enabled
INFO  2007-03-08 16:45:14,916 SettingsFactory:buildSettings - Query cache: disabled
INFO  2007-03-08 16:45:14,916 SettingsFactory:createCacheProvider - Cache provider: org.hibernate.cache.EhCacheProvider
INFO  2007-03-08 16:45:14,918 SettingsFactory:buildSettings - Optimize cache for minimal puts: disabled
INFO  2007-03-08 16:45:14,920 SettingsFactory:buildSettings - Structured second-level cache entries: enabled
INFO  2007-03-08 16:45:14,925 SettingsFactory:buildSettings - Statistics: enabled
INFO  2007-03-08 16:45:14,925 SettingsFactory:buildSettings - Deleted entity synthetic identifier rollback: disabled
INFO  2007-03-08 16:45:14,926 SettingsFactory:buildSettings - Default entity-mode: pojo
INFO  2007-03-08 16:45:14,950 SessionFactoryImpl:<init> - building session factory
WARN  2007-03-08 16:45:14,984 EhCacheProvider:buildCache - Could not find configuration [org.apache.roller.pojos.TaskLockData]; using defaults.
WARN  2007-03-08 16:45:15,173 EhCacheProvider:buildCache - Could not find configuration [org.apache.roller.pojos.BookmarkData]; using defaults.
WARN  2007-03-08 16:45:15,202 EhCacheProvider:buildCache - Could not find configuration [org.apache.roller.pojos.CommentData]; using defaults.
WARN  2007-03-08 16:45:15,236 EhCacheProvider:buildCache - Could not find configuration [org.apache.roller.pojos.WeblogEntryData]; using defaults.
WARN  2007-03-08 16:45:15,345 EhCacheProvider:buildCache - Could not find configuration [org.apache.roller.pojos.FolderData]; using defaults.
WARN  2007-03-08 16:45:15,374 EhCacheProvider:buildCache - Could not find configuration [org.apache.roller.pojos.WeblogEntryTagData]; using defaults.
WARN  2007-03-08 16:45:15,388 EhCacheProvider:buildCache - Could not find configuration [org.apache.roller.pojos.PermissionsData]; using defaults.
WARN  2007-03-08 16:45:15,400 EhCacheProvider:buildCache - Could not find configuration [org.apache.roller.pojos.RoleData]; using defaults.
WARN  2007-03-08 16:45:15,412 EhCacheProvider:buildCache - Could not find configuration [org.apache.roller.pojos.WeblogTemplate]; using defaults.
WARN  2007-03-08 16:45:15,432 EhCacheProvider:buildCache - Could not find configuration [org.apache.roller.pojos.HitCountData]; using defaults.
WARN  2007-03-08 16:45:15,442 EhCacheProvider:buildCache - Could not find configuration [org.apache.roller.pojos.WeblogCategoryData]; using defaults.
WARN  2007-03-08 16:45:15,502 EhCacheProvider:buildCache - Could not find configuration [org.apache.roller.pojos.PingQueueEntryData]; using defaults.
WARN  2007-03-08 16:45:15,514 EhCacheProvider:buildCache - Could not find configuration [org.apache.roller.pojos.RefererData]; using defaults.
WARN  2007-03-08 16:45:15,541 EhCacheProvider:buildCache - Could not find configuration [org.apache.roller.pojos.PingCategoryRestrictionData]; using defaults.
WARN  2007-03-08 16:45:15,549 EhCacheProvider:buildCache - Could not find configuration [org.apache.roller.pojos.PingTargetData]; using defaults.
WARN  2007-03-08 16:45:15,562 EhCacheProvider:buildCache - Could not find configuration [org.apache.roller.pojos.AutoPingData]; using defaults.
WARN  2007-03-08 16:45:15,569 EhCacheProvider:buildCache - Could not find configuration [org.apache.roller.pojos.WeblogEntryTagAggregateData]; using defaults.
WARN  2007-03-08 16:45:15,638 EhCacheProvider:buildCache - Could not find configuration [org.apache.roller.pojos.EntryAttributeData]; using defaults.
INFO  2007-03-08 16:45:15,752 SessionFactoryObjectFactory:addInstance - Not binding factory to JNDI, no JNDI name configured
INFO  2007-03-08 16:45:15,758 RollerFactory:getRoller - Using Roller Impl: org.apache.roller.business.hibernate.HibernateRollerImpl
WARN  2007-03-08 16:45:15,873 JDBCExceptionReporter:logExceptions - SQL Error: -4499, SQLState: null
ERROR 2007-03-08 16:45:15,873 JDBCExceptionReporter:logExceptions - java.security.PrivilegedActionException : Error opening socket to server localhost on port 1527 with message : null
INFO  2007-03-08 16:46:11,166 RollerConfig:<clinit> - successfully loaded default properties.
INFO  2007-03-08 16:46:11,171 RollerConfig:<clinit> - no custom properties file found in classpath
INFO  2007-03-08 16:46:11,173 RollerConfig:<clinit> - successfully loaded custom properties from /Users/dave/Source/roller-svn/roller/trunk/sandbox/scripting/groovy/bin/roller-custom.properties
INFO  2007-03-08 16:46:11,199 HibernatePersistenceStrategy:<init> - configResource: /hibernate.cfg.xml
INFO  2007-03-08 16:46:11,200 HibernatePersistenceStrategy:<init> - dialect:        org.hibernate.dialect.DerbyDialect
INFO  2007-03-08 16:46:11,200 HibernatePersistenceStrategy:<init> - driverClass:    org.apache.derby.jdbc.ClientDriver
INFO  2007-03-08 16:46:11,201 HibernatePersistenceStrategy:<init> - connectionURL:  jdbc:derby://localhost:1527/roller-jpa
INFO  2007-03-08 16:46:11,202 HibernatePersistenceStrategy:<init> - username:       APP 
INFO  2007-03-08 16:46:11,295 Environment:<clinit> - Hibernate 3.1.2
INFO  2007-03-08 16:46:11,328 Environment:<clinit> - hibernate.properties not found
INFO  2007-03-08 16:46:11,330 Environment:<clinit> - using CGLIB reflection optimizer
INFO  2007-03-08 16:46:11,332 Environment:<clinit> - using JDK 1.4 java.sql.Timestamp handling
INFO  2007-03-08 16:46:11,392 Configuration:configure - configuring from XML document
INFO  2007-03-08 16:46:11,436 Configuration:addResource - Reading mappings from resource: org/apache/roller/pojos/RollerPropertyData.hbm.xml
INFO  2007-03-08 16:46:11,535 HbmBinder:bindRootPersistentClassCommonValues - Mapping class: org.apache.roller.pojos.RollerPropertyData -> roller_properties
INFO  2007-03-08 16:46:11,552 Configuration:addResource - Reading mappings from resource: org/apache/roller/pojos/UserData.hbm.xml
INFO  2007-03-08 16:46:11,587 HbmBinder:bindRootPersistentClassCommonValues - Mapping class: org.apache.roller.pojos.UserData -> rolleruser
INFO  2007-03-08 16:46:11,596 Configuration:addResource - Reading mappings from resource: org/apache/roller/pojos/RoleData.hbm.xml
INFO  2007-03-08 16:46:11,619 HbmBinder:bindRootPersistentClassCommonValues - Mapping class: org.apache.roller.pojos.RoleData -> userrole
INFO  2007-03-08 16:46:11,665 Configuration:addResource - Reading mappings from resource: org/apache/roller/pojos/RollerConfigData.hbm.xml
INFO  2007-03-08 16:46:11,691 HbmBinder:bindRootPersistentClassCommonValues - Mapping class: org.apache.roller.pojos.RollerConfigData -> rollerconfig
INFO  2007-03-08 16:46:11,694 Configuration:addResource - Reading mappings from resource: org/apache/roller/pojos/WebsiteData.hbm.xml
INFO  2007-03-08 16:46:11,717 HbmBinder:bindRootPersistentClassCommonValues - Mapping class: org.apache.roller.pojos.WebsiteData -> website
INFO  2007-03-08 16:46:11,719 Configuration:addResource - Reading mappings from resource: org/apache/roller/pojos/PermissionsData.hbm.xml
INFO  2007-03-08 16:46:11,730 HbmBinder:bindRootPersistentClassCommonValues - Mapping class: org.apache.roller.pojos.PermissionsData -> roller_user_permissions
INFO  2007-03-08 16:46:11,731 Configuration:addResource - Reading mappings from resource: org/apache/roller/pojos/BookmarkData.hbm.xml
INFO  2007-03-08 16:46:11,775 HbmBinder:bindRootPersistentClassCommonValues - Mapping class: org.apache.roller.pojos.BookmarkData -> bookmark
INFO  2007-03-08 16:46:11,776 Configuration:addResource - Reading mappings from resource: org/apache/roller/pojos/CommentData.hbm.xml
INFO  2007-03-08 16:46:11,794 HbmBinder:bindRootPersistentClassCommonValues - Mapping class: org.apache.roller.pojos.CommentData -> roller_comment
INFO  2007-03-08 16:46:11,796 Configuration:addResource - Reading mappings from resource: org/apache/roller/pojos/FolderData.hbm.xml
INFO  2007-03-08 16:46:11,811 HbmBinder:bindRootPersistentClassCommonValues - Mapping class: org.apache.roller.pojos.FolderData -> folder
INFO  2007-03-08 16:46:11,812 Configuration:addResource - Reading mappings from resource: org/apache/roller/pojos/WeblogTemplate.hbm.xml
INFO  2007-03-08 16:46:11,824 HbmBinder:bindRootPersistentClassCommonValues - Mapping class: org.apache.roller.pojos.WeblogTemplate -> webpage
INFO  2007-03-08 16:46:11,825 Configuration:addResource - Reading mappings from resource: org/apache/roller/pojos/PingCategoryRestrictionData.hbm.xml
INFO  2007-03-08 16:46:11,834 HbmBinder:bindRootPersistentClassCommonValues - Mapping class: org.apache.roller.pojos.PingCategoryRestrictionData -> pingcategory
INFO  2007-03-08 16:46:11,835 Configuration:addResource - Reading mappings from resource: org/apache/roller/pojos/AutoPingData.hbm.xml
INFO  2007-03-08 16:46:11,845 HbmBinder:bindRootPersistentClassCommonValues - Mapping class: org.apache.roller.pojos.AutoPingData -> autoping
INFO  2007-03-08 16:46:11,846 Configuration:addResource - Reading mappings from resource: org/apache/roller/pojos/PingQueueEntryData.hbm.xml
INFO  2007-03-08 16:46:11,855 HbmBinder:bindRootPersistentClassCommonValues - Mapping class: org.apache.roller.pojos.PingQueueEntryData -> pingqueueentry
INFO  2007-03-08 16:46:11,856 Configuration:addResource - Reading mappings from resource: org/apache/roller/pojos/PingTargetData.hbm.xml
INFO  2007-03-08 16:46:11,867 HbmBinder:bindRootPersistentClassCommonValues - Mapping class: org.apache.roller.pojos.PingTargetData -> pingtarget
INFO  2007-03-08 16:46:11,869 Configuration:addResource - Reading mappings from resource: org/apache/roller/pojos/RefererData.hbm.xml
INFO  2007-03-08 16:46:11,881 HbmBinder:bindRootPersistentClassCommonValues - Mapping class: org.apache.roller.pojos.RefererData -> referer
INFO  2007-03-08 16:46:11,882 Configuration:addResource - Reading mappings from resource: org/apache/roller/pojos/TaskLockData.hbm.xml
INFO  2007-03-08 16:46:11,891 HbmBinder:bindRootPersistentClassCommonValues - Mapping class: org.apache.roller.pojos.TaskLockData -> roller_tasklock
INFO  2007-03-08 16:46:11,892 Configuration:addResource - Reading mappings from resource: org/apache/roller/pojos/HitCountData.hbm.xml
INFO  2007-03-08 16:46:11,901 HbmBinder:bindRootPersistentClassCommonValues - Mapping class: org.apache.roller.pojos.HitCountData -> roller_hitcounts
INFO  2007-03-08 16:46:11,902 Configuration:addResource - Reading mappings from resource: org/apache/roller/pojos/WeblogEntryData.hbm.xml
INFO  2007-03-08 16:46:11,956 HbmBinder:bindRootPersistentClassCommonValues - Mapping class: org.apache.roller.pojos.WeblogEntryData -> weblogentry
INFO  2007-03-08 16:46:11,959 Configuration:addResource - Reading mappings from resource: org/apache/roller/pojos/WeblogEntryTagData.hbm.xml
INFO  2007-03-08 16:46:11,980 HbmBinder:bindRootPersistentClassCommonValues - Mapping class: org.apache.roller.pojos.WeblogEntryTagData -> roller_weblogentrytag
INFO  2007-03-08 16:46:11,981 Configuration:addResource - Reading mappings from resource: org/apache/roller/pojos/WeblogEntryTagAggregateData.hbm.xml
INFO  2007-03-08 16:46:11,988 HbmBinder:bindRootPersistentClassCommonValues - Mapping class: org.apache.roller.pojos.WeblogEntryTagAggregateData -> roller_weblogentrytagagg
INFO  2007-03-08 16:46:11,989 Configuration:addResource - Reading mappings from resource: org/apache/roller/pojos/EntryAttributeData.hbm.xml
INFO  2007-03-08 16:46:11,996 HbmBinder:bindRootPersistentClassCommonValues - Mapping class: org.apache.roller.pojos.EntryAttributeData -> entryattribute
INFO  2007-03-08 16:46:11,996 Configuration:addResource - Reading mappings from resource: org/apache/roller/pojos/WeblogCategoryData.hbm.xml
INFO  2007-03-08 16:46:12,006 HbmBinder:bindRootPersistentClassCommonValues - Mapping class: org.apache.roller.pojos.WeblogCategoryData -> weblogcategory
INFO  2007-03-08 16:46:12,007 Configuration:doConfigure - Configured SessionFactory: null
INFO  2007-03-08 16:46:12,009 HbmBinder:bindCollectionSecondPass - Mapping collection: org.apache.roller.pojos.UserData.permissions -> roller_user_permissions
INFO  2007-03-08 16:46:12,010 HbmBinder:bindCollectionSecondPass - Mapping collection: org.apache.roller.pojos.UserData.roles -> userrole
INFO  2007-03-08 16:46:12,010 HbmBinder:bindCollectionSecondPass - Mapping collection: org.apache.roller.pojos.WebsiteData.permissions -> roller_user_permissions
INFO  2007-03-08 16:46:12,012 HbmBinder:bindCollectionSecondPass - Mapping collection: org.apache.roller.pojos.FolderData.folders -> folder
INFO  2007-03-08 16:46:12,012 HbmBinder:bindCollectionSecondPass - Mapping collection: org.apache.roller.pojos.FolderData.bookmarks -> bookmark
INFO  2007-03-08 16:46:12,013 HbmBinder:bindCollectionSecondPass - Mapping collection: org.apache.roller.pojos.WeblogEntryData.entryAttributes -> entryattribute
INFO  2007-03-08 16:46:12,013 HbmBinder:bindCollectionSecondPass - Mapping collection: org.apache.roller.pojos.WeblogEntryData.tags -> roller_weblogentrytag
INFO  2007-03-08 16:46:12,014 HbmBinder:bindCollectionSecondPass - Mapping collection: org.apache.roller.pojos.WeblogCategoryData.weblogCategories -> weblogcategory
INFO  2007-03-08 16:46:12,023 DriverManagerConnectionProvider:configure - Using Hibernate built-in connection pool (not for production use!)
INFO  2007-03-08 16:46:12,024 DriverManagerConnectionProvider:configure - Hibernate connection pool size: 20
INFO  2007-03-08 16:46:12,025 DriverManagerConnectionProvider:configure - autocommit mode: false
INFO  2007-03-08 16:46:12,034 DriverManagerConnectionProvider:configure - using driver: org.apache.derby.jdbc.ClientDriver at URL: jdbc:derby://localhost:1527/roller-jpa
INFO  2007-03-08 16:46:12,034 DriverManagerConnectionProvider:configure - connection properties: {user=APP, password=****}
WARN  2007-03-08 16:46:12,081 SettingsFactory:buildSettings - Could not obtain connection metadata
org.apache.derby.client.am.DisconnectException: java.security.PrivilegedActionException : Error opening socket to server localhost on port 1527 with message : null
	at org.apache.derby.client.net.NetAgent.<init>(Unknown Source)
	at org.apache.derby.client.net.NetConnection.newAgent_(Unknown Source)
	at org.apache.derby.client.am.Connection.<init>(Unknown Source)
	at org.apache.derby.client.net.NetConnection.<init>(Unknown Source)
	at org.apache.derby.jdbc.ClientDriver.connect(Unknown Source)
	at java.sql.DriverManager.getConnection(DriverManager.java:525)
	at java.sql.DriverManager.getConnection(DriverManager.java:140)
	at org.hibernate.connection.DriverManagerConnectionProvider.getConnection(DriverManagerConnectionProvider.java:110)
	at org.hibernate.cfg.SettingsFactory.buildSettings(SettingsFactory.java:72)
	at org.hibernate.cfg.Configuration.buildSettings(Configuration.java:1881)
	at org.hibernate.cfg.Configuration.buildSessionFactory(Configuration.java:1174)
	at org.apache.roller.business.hibernate.HibernatePersistenceStrategy.<init>(HibernatePersistenceStrategy.java:191)
	at org.apache.roller.business.hibernate.HibernateRollerImpl.<init>(HibernateRollerImpl.java:72)
	at org.apache.roller.business.hibernate.HibernateRollerImpl.instantiate(HibernateRollerImpl.java:99)
	at sun.reflect.NativeMethodAccessorImpl.invoke0(Native Method)
	at sun.reflect.NativeMethodAccessorImpl.invoke(NativeMethodAccessorImpl.java:39)
	at sun.reflect.DelegatingMethodAccessorImpl.invoke(DelegatingMethodAccessorImpl.java:25)
	at java.lang.reflect.Method.invoke(Method.java:585)
	at org.apache.roller.business.RollerFactory.getRoller(RollerFactory.java:66)
	at sun.reflect.NativeMethodAccessorImpl.invoke0(Native Method)
	at sun.reflect.NativeMethodAccessorImpl.invoke(NativeMethodAccessorImpl.java:39)
	at sun.reflect.DelegatingMethodAccessorImpl.invoke(DelegatingMethodAccessorImpl.java:25)
	at java.lang.reflect.Method.invoke(Method.java:585)
	at org.codehaus.groovy.runtime.ReflectionMetaMethod.invoke(ReflectionMetaMethod.java:69)
	at org.codehaus.groovy.runtime.MetaClassHelper.doMethodInvoke(MetaClassHelper.java:713)
	at groovy.lang.MetaClassImpl.invokeStaticMethod(MetaClassImpl.java:664)
	at org.codehaus.groovy.runtime.Invoker.invokeMethod(Invoker.java:111)
	at org.codehaus.groovy.runtime.InvokerHelper.invokeMethod(InvokerHelper.java:111)
	at org.codehaus.groovy.runtime.ScriptBytecodeAdapter.invokeMethodN(ScriptBytecodeAdapter.java:187)
	at org.codehaus.groovy.runtime.ScriptBytecodeAdapter.invokeMethod0(ScriptBytecodeAdapter.java:211)
	at listusers.run(listusers.gy:20)
	at sun.reflect.NativeMethodAccessorImpl.invoke0(Native Method)
	at sun.reflect.NativeMethodAccessorImpl.invoke(NativeMethodAccessorImpl.java:39)
	at sun.reflect.DelegatingMethodAccessorImpl.invoke(DelegatingMethodAccessorImpl.java:25)
	at java.lang.reflect.Method.invoke(Method.java:585)
	at org.codehaus.groovy.runtime.ReflectionMetaMethod.invoke(ReflectionMetaMethod.java:69)
	at org.codehaus.groovy.runtime.MetaClassHelper.doMethodInvoke(MetaClassHelper.java:713)
	at groovy.lang.MetaClassImpl.invokeMethod(MetaClassImpl.java:560)
	at groovy.lang.MetaClassImpl.invokeMethod(MetaClassImpl.java:450)
	at org.codehaus.groovy.runtime.Invoker.invokeMethod(Invoker.java:131)
	at org.codehaus.groovy.runtime.InvokerHelper.invokeMethod(InvokerHelper.java:111)
	at org.codehaus.groovy.runtime.InvokerHelper.runScript(InvokerHelper.java:408)
	at sun.reflect.NativeMethodAccessorImpl.invoke0(Native Method)
	at sun.reflect.NativeMethodAccessorImpl.invoke(NativeMethodAccessorImpl.java:39)
	at sun.reflect.DelegatingMethodAccessorImpl.invoke(DelegatingMethodAccessorImpl.java:25)
	at java.lang.reflect.Method.invoke(Method.java:585)
	at org.codehaus.groovy.runtime.ReflectionMetaMethod.invoke(ReflectionMetaMethod.java:69)
	at org.codehaus.groovy.runtime.MetaClassHelper.doMethodInvoke(MetaClassHelper.java:713)
	at groovy.lang.MetaClassImpl.invokeStaticMethod(MetaClassImpl.java:664)
	at org.codehaus.groovy.runtime.Invoker.invokeMethod(Invoker.java:111)
	at org.codehaus.groovy.runtime.InvokerHelper.invokeMethod(InvokerHelper.java:111)
	at org.codehaus.groovy.runtime.ScriptBytecodeAdapter.invokeMethodN(ScriptBytecodeAdapter.java:187)
	at listusers.main(listusers.gy)
	at sun.reflect.NativeMethodAccessorImpl.invoke0(Native Method)
	at sun.reflect.NativeMethodAccessorImpl.invoke(NativeMethodAccessorImpl.java:39)
	at sun.reflect.DelegatingMethodAccessorImpl.invoke(DelegatingMethodAccessorImpl.java:25)
	at java.lang.reflect.Method.invoke(Method.java:585)
	at org.codehaus.groovy.runtime.ReflectionMetaMethod.invoke(ReflectionMetaMethod.java:69)
	at org.codehaus.groovy.runtime.MetaClassHelper.doMethodInvoke(MetaClassHelper.java:713)
	at groovy.lang.MetaClassImpl.invokeStaticMethod(MetaClassImpl.java:664)
	at org.codehaus.groovy.runtime.Invoker.invokeMethod(Invoker.java:111)
	at org.codehaus.groovy.runtime.InvokerHelper.invokeMethod(InvokerHelper.java:111)
	at groovy.lang.GroovyShell.runMainOrTestOrRunnable(GroovyShell.java:319)
	at groovy.lang.GroovyShell.run(GroovyShell.java:244)
	at groovy.lang.GroovyShell.run(GroovyShell.java:173)
	at groovy.ui.GroovyMain.processOnce(GroovyMain.java:483)
	at groovy.ui.GroovyMain.run(GroovyMain.java:293)
	at groovy.ui.GroovyMain.process(GroovyMain.java:279)
	at groovy.ui.GroovyMain.main(GroovyMain.java:145)
	at groovy.lang.GroovyShell.main(GroovyShell.java:81)
INFO  2007-03-08 16:46:12,101 Dialect:<init> - Using dialect: org.hibernate.dialect.DerbyDialect
INFO  2007-03-08 16:46:12,106 TransactionFactoryFactory:buildTransactionFactory - Using default transaction strategy (direct JDBC transactions)
INFO  2007-03-08 16:46:12,108 TransactionManagerLookupFactory:getTransactionManagerLookup - No TransactionManagerLookup configured (in JTA environment, use of read-write or transactional second-level cache is not recommended)
INFO  2007-03-08 16:46:12,108 SettingsFactory:buildSettings - Automatic flush during beforeCompletion(): disabled
INFO  2007-03-08 16:46:12,110 SettingsFactory:buildSettings - Automatic session close at end of transaction: disabled
INFO  2007-03-08 16:46:12,111 SettingsFactory:buildSettings - Scrollable result sets: disabled
INFO  2007-03-08 16:46:12,112 SettingsFactory:buildSettings - JDBC3 getGeneratedKeys(): disabled
INFO  2007-03-08 16:46:12,112 SettingsFactory:buildSettings - Connection release mode: auto
INFO  2007-03-08 16:46:12,113 SettingsFactory:buildSettings - Default batch fetch size: 1
INFO  2007-03-08 16:46:12,115 SettingsFactory:buildSettings - Generate SQL with comments: disabled
INFO  2007-03-08 16:46:12,115 SettingsFactory:buildSettings - Order SQL updates by primary key: disabled
INFO  2007-03-08 16:46:12,115 SettingsFactory:createQueryTranslatorFactory - Query translator: org.hibernate.hql.ast.ASTQueryTranslatorFactory
INFO  2007-03-08 16:46:12,117 ASTQueryTranslatorFactory:<init> - Using ASTQueryTranslatorFactory
INFO  2007-03-08 16:46:12,119 SettingsFactory:buildSettings - Query language substitutions: {}
INFO  2007-03-08 16:46:12,120 SettingsFactory:buildSettings - Second-level cache: enabled
INFO  2007-03-08 16:46:12,120 SettingsFactory:buildSettings - Query cache: disabled
INFO  2007-03-08 16:46:12,121 SettingsFactory:createCacheProvider - Cache provider: org.hibernate.cache.EhCacheProvider
INFO  2007-03-08 16:46:12,124 SettingsFactory:buildSettings - Optimize cache for minimal puts: disabled
INFO  2007-03-08 16:46:12,124 SettingsFactory:buildSettings - Structured second-level cache entries: enabled
INFO  2007-03-08 16:46:12,129 SettingsFactory:buildSettings - Statistics: enabled
INFO  2007-03-08 16:46:12,129 SettingsFactory:buildSettings - Deleted entity synthetic identifier rollback: disabled
INFO  2007-03-08 16:46:12,131 SettingsFactory:buildSettings - Default entity-mode: pojo
INFO  2007-03-08 16:46:12,154 SessionFactoryImpl:<init> - building session factory
WARN  2007-03-08 16:46:12,189 EhCacheProvider:buildCache - Could not find configuration [org.apache.roller.pojos.TaskLockData]; using defaults.
WARN  2007-03-08 16:46:12,377 EhCacheProvider:buildCache - Could not find configuration [org.apache.roller.pojos.BookmarkData]; using defaults.
WARN  2007-03-08 16:46:12,405 EhCacheProvider:buildCache - Could not find configuration [org.apache.roller.pojos.CommentData]; using defaults.
WARN  2007-03-08 16:46:12,440 EhCacheProvider:buildCache - Could not find configuration [org.apache.roller.pojos.WeblogEntryData]; using defaults.
WARN  2007-03-08 16:46:12,548 EhCacheProvider:buildCache - Could not find configuration [org.apache.roller.pojos.FolderData]; using defaults.
WARN  2007-03-08 16:46:12,576 EhCacheProvider:buildCache - Could not find configuration [org.apache.roller.pojos.WeblogEntryTagData]; using defaults.
WARN  2007-03-08 16:46:12,591 EhCacheProvider:buildCache - Could not find configuration [org.apache.roller.pojos.PermissionsData]; using defaults.
WARN  2007-03-08 16:46:12,602 EhCacheProvider:buildCache - Could not find configuration [org.apache.roller.pojos.RoleData]; using defaults.
WARN  2007-03-08 16:46:12,613 EhCacheProvider:buildCache - Could not find configuration [org.apache.roller.pojos.WeblogTemplate]; using defaults.
WARN  2007-03-08 16:46:12,634 EhCacheProvider:buildCache - Could not find configuration [org.apache.roller.pojos.HitCountData]; using defaults.
WARN  2007-03-08 16:46:12,643 EhCacheProvider:buildCache - Could not find configuration [org.apache.roller.pojos.WeblogCategoryData]; using defaults.
WARN  2007-03-08 16:46:12,751 EhCacheProvider:buildCache - Could not find configuration [org.apache.roller.pojos.PingQueueEntryData]; using defaults.
WARN  2007-03-08 16:46:12,763 EhCacheProvider:buildCache - Could not find configuration [org.apache.roller.pojos.RefererData]; using defaults.
WARN  2007-03-08 16:46:12,791 EhCacheProvider:buildCache - Could not find configuration [org.apache.roller.pojos.PingCategoryRestrictionData]; using defaults.
WARN  2007-03-08 16:46:12,799 EhCacheProvider:buildCache - Could not find configuration [org.apache.roller.pojos.PingTargetData]; using defaults.
WARN  2007-03-08 16:46:12,813 EhCacheProvider:buildCache - Could not find configuration [org.apache.roller.pojos.AutoPingData]; using defaults.
WARN  2007-03-08 16:46:12,819 EhCacheProvider:buildCache - Could not find configuration [org.apache.roller.pojos.WeblogEntryTagAggregateData]; using defaults.
WARN  2007-03-08 16:46:12,841 EhCacheProvider:buildCache - Could not find configuration [org.apache.roller.pojos.EntryAttributeData]; using defaults.
INFO  2007-03-08 16:46:12,957 SessionFactoryObjectFactory:addInstance - Not binding factory to JNDI, no JNDI name configured
INFO  2007-03-08 16:46:12,961 RollerFactory:getRoller - Using Roller Impl: org.apache.roller.business.hibernate.HibernateRollerImpl
WARN  2007-03-08 16:46:13,127 JDBCExceptionReporter:logExceptions - SQL Error: -4499, SQLState: null
ERROR 2007-03-08 16:46:13,128 JDBCExceptionReporter:logExceptions - java.security.PrivilegedActionException : Error opening socket to server localhost on port 1527 with message : null
INFO  2007-03-08 16:46:21,406 RollerConfig:<clinit> - successfully loaded default properties.
INFO  2007-03-08 16:46:21,411 RollerConfig:<clinit> - no custom properties file found in classpath
INFO  2007-03-08 16:46:21,413 RollerConfig:<clinit> - successfully loaded custom properties from /Users/dave/Source/roller-svn/roller/trunk/sandbox/scripting/groovy/bin/roller-custom.properties
INFO  2007-03-08 16:46:21,439 HibernatePersistenceStrategy:<init> - configResource: /hibernate.cfg.xml
INFO  2007-03-08 16:46:21,440 HibernatePersistenceStrategy:<init> - dialect:        org.hibernate.dialect.DerbyDialect
INFO  2007-03-08 16:46:21,441 HibernatePersistenceStrategy:<init> - driverClass:    org.apache.derby.jdbc.ClientDriver
INFO  2007-03-08 16:46:21,441 HibernatePersistenceStrategy:<init> - connectionURL:  jdbc:derby://localhost:1527/roller-jpa
INFO  2007-03-08 16:46:21,442 HibernatePersistenceStrategy:<init> - username:       APP 
INFO  2007-03-08 16:46:21,535 Environment:<clinit> - Hibernate 3.1.2
INFO  2007-03-08 16:46:21,567 Environment:<clinit> - hibernate.properties not found
INFO  2007-03-08 16:46:21,569 Environment:<clinit> - using CGLIB reflection optimizer
INFO  2007-03-08 16:46:21,571 Environment:<clinit> - using JDK 1.4 java.sql.Timestamp handling
INFO  2007-03-08 16:46:21,630 Configuration:configure - configuring from XML document
INFO  2007-03-08 16:46:21,674 Configuration:addResource - Reading mappings from resource: org/apache/roller/pojos/RollerPropertyData.hbm.xml
INFO  2007-03-08 16:46:21,774 HbmBinder:bindRootPersistentClassCommonValues - Mapping class: org.apache.roller.pojos.RollerPropertyData -> roller_properties
INFO  2007-03-08 16:46:21,791 Configuration:addResource - Reading mappings from resource: org/apache/roller/pojos/UserData.hbm.xml
INFO  2007-03-08 16:46:21,825 HbmBinder:bindRootPersistentClassCommonValues - Mapping class: org.apache.roller.pojos.UserData -> rolleruser
INFO  2007-03-08 16:46:21,835 Configuration:addResource - Reading mappings from resource: org/apache/roller/pojos/RoleData.hbm.xml
INFO  2007-03-08 16:46:21,858 HbmBinder:bindRootPersistentClassCommonValues - Mapping class: org.apache.roller.pojos.RoleData -> userrole
INFO  2007-03-08 16:46:21,904 Configuration:addResource - Reading mappings from resource: org/apache/roller/pojos/RollerConfigData.hbm.xml
INFO  2007-03-08 16:46:21,930 HbmBinder:bindRootPersistentClassCommonValues - Mapping class: org.apache.roller.pojos.RollerConfigData -> rollerconfig
INFO  2007-03-08 16:46:21,933 Configuration:addResource - Reading mappings from resource: org/apache/roller/pojos/WebsiteData.hbm.xml
INFO  2007-03-08 16:46:21,955 HbmBinder:bindRootPersistentClassCommonValues - Mapping class: org.apache.roller.pojos.WebsiteData -> website
INFO  2007-03-08 16:46:21,958 Configuration:addResource - Reading mappings from resource: org/apache/roller/pojos/PermissionsData.hbm.xml
INFO  2007-03-08 16:46:21,969 HbmBinder:bindRootPersistentClassCommonValues - Mapping class: org.apache.roller.pojos.PermissionsData -> roller_user_permissions
INFO  2007-03-08 16:46:21,970 Configuration:addResource - Reading mappings from resource: org/apache/roller/pojos/BookmarkData.hbm.xml
INFO  2007-03-08 16:46:22,014 HbmBinder:bindRootPersistentClassCommonValues - Mapping class: org.apache.roller.pojos.BookmarkData -> bookmark
INFO  2007-03-08 16:46:22,015 Configuration:addResource - Reading mappings from resource: org/apache/roller/pojos/CommentData.hbm.xml
INFO  2007-03-08 16:46:22,033 HbmBinder:bindRootPersistentClassCommonValues - Mapping class: org.apache.roller.pojos.CommentData -> roller_comment
INFO  2007-03-08 16:46:22,035 Configuration:addResource - Reading mappings from resource: org/apache/roller/pojos/FolderData.hbm.xml
INFO  2007-03-08 16:46:22,050 HbmBinder:bindRootPersistentClassCommonValues - Mapping class: org.apache.roller.pojos.FolderData -> folder
INFO  2007-03-08 16:46:22,051 Configuration:addResource - Reading mappings from resource: org/apache/roller/pojos/WeblogTemplate.hbm.xml
INFO  2007-03-08 16:46:22,063 HbmBinder:bindRootPersistentClassCommonValues - Mapping class: org.apache.roller.pojos.WeblogTemplate -> webpage
INFO  2007-03-08 16:46:22,064 Configuration:addResource - Reading mappings from resource: org/apache/roller/pojos/PingCategoryRestrictionData.hbm.xml
INFO  2007-03-08 16:46:22,073 HbmBinder:bindRootPersistentClassCommonValues - Mapping class: org.apache.roller.pojos.PingCategoryRestrictionData -> pingcategory
INFO  2007-03-08 16:46:22,074 Configuration:addResource - Reading mappings from resource: org/apache/roller/pojos/AutoPingData.hbm.xml
INFO  2007-03-08 16:46:22,084 HbmBinder:bindRootPersistentClassCommonValues - Mapping class: org.apache.roller.pojos.AutoPingData -> autoping
INFO  2007-03-08 16:46:22,084 Configuration:addResource - Reading mappings from resource: org/apache/roller/pojos/PingQueueEntryData.hbm.xml
INFO  2007-03-08 16:46:22,094 HbmBinder:bindRootPersistentClassCommonValues - Mapping class: org.apache.roller.pojos.PingQueueEntryData -> pingqueueentry
INFO  2007-03-08 16:46:22,094 Configuration:addResource - Reading mappings from resource: org/apache/roller/pojos/PingTargetData.hbm.xml
INFO  2007-03-08 16:46:22,106 HbmBinder:bindRootPersistentClassCommonValues - Mapping class: org.apache.roller.pojos.PingTargetData -> pingtarget
INFO  2007-03-08 16:46:22,108 Configuration:addResource - Reading mappings from resource: org/apache/roller/pojos/RefererData.hbm.xml
INFO  2007-03-08 16:46:22,120 HbmBinder:bindRootPersistentClassCommonValues - Mapping class: org.apache.roller.pojos.RefererData -> referer
INFO  2007-03-08 16:46:22,121 Configuration:addResource - Reading mappings from resource: org/apache/roller/pojos/TaskLockData.hbm.xml
INFO  2007-03-08 16:46:22,129 HbmBinder:bindRootPersistentClassCommonValues - Mapping class: org.apache.roller.pojos.TaskLockData -> roller_tasklock
INFO  2007-03-08 16:46:22,130 Configuration:addResource - Reading mappings from resource: org/apache/roller/pojos/HitCountData.hbm.xml
INFO  2007-03-08 16:46:22,140 HbmBinder:bindRootPersistentClassCommonValues - Mapping class: org.apache.roller.pojos.HitCountData -> roller_hitcounts
INFO  2007-03-08 16:46:22,140 Configuration:addResource - Reading mappings from resource: org/apache/roller/pojos/WeblogEntryData.hbm.xml
INFO  2007-03-08 16:46:22,194 HbmBinder:bindRootPersistentClassCommonValues - Mapping class: org.apache.roller.pojos.WeblogEntryData -> weblogentry
INFO  2007-03-08 16:46:22,198 Configuration:addResource - Reading mappings from resource: org/apache/roller/pojos/WeblogEntryTagData.hbm.xml
INFO  2007-03-08 16:46:22,219 HbmBinder:bindRootPersistentClassCommonValues - Mapping class: org.apache.roller.pojos.WeblogEntryTagData -> roller_weblogentrytag
INFO  2007-03-08 16:46:22,220 Configuration:addResource - Reading mappings from resource: org/apache/roller/pojos/WeblogEntryTagAggregateData.hbm.xml
INFO  2007-03-08 16:46:22,227 HbmBinder:bindRootPersistentClassCommonValues - Mapping class: org.apache.roller.pojos.WeblogEntryTagAggregateData -> roller_weblogentrytagagg
INFO  2007-03-08 16:46:22,227 Configuration:addResource - Reading mappings from resource: org/apache/roller/pojos/EntryAttributeData.hbm.xml
INFO  2007-03-08 16:46:22,234 HbmBinder:bindRootPersistentClassCommonValues - Mapping class: org.apache.roller.pojos.EntryAttributeData -> entryattribute
INFO  2007-03-08 16:46:22,235 Configuration:addResource - Reading mappings from resource: org/apache/roller/pojos/WeblogCategoryData.hbm.xml
INFO  2007-03-08 16:46:22,244 HbmBinder:bindRootPersistentClassCommonValues - Mapping class: org.apache.roller.pojos.WeblogCategoryData -> weblogcategory
INFO  2007-03-08 16:46:22,245 Configuration:doConfigure - Configured SessionFactory: null
INFO  2007-03-08 16:46:22,247 HbmBinder:bindCollectionSecondPass - Mapping collection: org.apache.roller.pojos.UserData.permissions -> roller_user_permissions
INFO  2007-03-08 16:46:22,248 HbmBinder:bindCollectionSecondPass - Mapping collection: org.apache.roller.pojos.UserData.roles -> userrole
INFO  2007-03-08 16:46:22,249 HbmBinder:bindCollectionSecondPass - Mapping collection: org.apache.roller.pojos.WebsiteData.permissions -> roller_user_permissions
INFO  2007-03-08 16:46:22,250 HbmBinder:bindCollectionSecondPass - Mapping collection: org.apache.roller.pojos.FolderData.folders -> folder
INFO  2007-03-08 16:46:22,251 HbmBinder:bindCollectionSecondPass - Mapping collection: org.apache.roller.pojos.FolderData.bookmarks -> bookmark
INFO  2007-03-08 16:46:22,251 HbmBinder:bindCollectionSecondPass - Mapping collection: org.apache.roller.pojos.WeblogEntryData.entryAttributes -> entryattribute
INFO  2007-03-08 16:46:22,252 HbmBinder:bindCollectionSecondPass - Mapping collection: org.apache.roller.pojos.WeblogEntryData.tags -> roller_weblogentrytag
INFO  2007-03-08 16:46:22,252 HbmBinder:bindCollectionSecondPass - Mapping collection: org.apache.roller.pojos.WeblogCategoryData.weblogCategories -> weblogcategory
INFO  2007-03-08 16:46:22,261 DriverManagerConnectionProvider:configure - Using Hibernate built-in connection pool (not for production use!)
INFO  2007-03-08 16:46:22,262 DriverManagerConnectionProvider:configure - Hibernate connection pool size: 20
INFO  2007-03-08 16:46:22,263 DriverManagerConnectionProvider:configure - autocommit mode: false
INFO  2007-03-08 16:46:22,272 DriverManagerConnectionProvider:configure - using driver: org.apache.derby.jdbc.ClientDriver at URL: jdbc:derby://localhost:1527/roller-jpa
INFO  2007-03-08 16:46:22,273 DriverManagerConnectionProvider:configure - connection properties: {user=APP, password=****}
INFO  2007-03-08 16:46:23,982 SettingsFactory:buildSettings - RDBMS: Apache Derby, version: 10.1.1.0
INFO  2007-03-08 16:46:23,982 SettingsFactory:buildSettings - JDBC driver: Apache Derby Network Client JDBC Driver, version: 10.1.2.1
INFO  2007-03-08 16:46:24,648 Dialect:<init> - Using dialect: org.hibernate.dialect.DerbyDialect
INFO  2007-03-08 16:46:24,654 TransactionFactoryFactory:buildTransactionFactory - Using default transaction strategy (direct JDBC transactions)
INFO  2007-03-08 16:46:24,656 TransactionManagerLookupFactory:getTransactionManagerLookup - No TransactionManagerLookup configured (in JTA environment, use of read-write or transactional second-level cache is not recommended)
INFO  2007-03-08 16:46:24,656 SettingsFactory:buildSettings - Automatic flush during beforeCompletion(): disabled
INFO  2007-03-08 16:46:24,656 SettingsFactory:buildSettings - Automatic session close at end of transaction: disabled
INFO  2007-03-08 16:46:24,658 SettingsFactory:buildSettings - Scrollable result sets: enabled
INFO  2007-03-08 16:46:24,658 SettingsFactory:buildSettings - JDBC3 getGeneratedKeys(): disabled
INFO  2007-03-08 16:46:24,659 SettingsFactory:buildSettings - Connection release mode: auto
INFO  2007-03-08 16:46:24,660 SettingsFactory:buildSettings - Default batch fetch size: 1
INFO  2007-03-08 16:46:24,661 SettingsFactory:buildSettings - Generate SQL with comments: disabled
INFO  2007-03-08 16:46:24,661 SettingsFactory:buildSettings - Order SQL updates by primary key: disabled
INFO  2007-03-08 16:46:24,662 SettingsFactory:createQueryTranslatorFactory - Query translator: org.hibernate.hql.ast.ASTQueryTranslatorFactory
INFO  2007-03-08 16:46:24,663 ASTQueryTranslatorFactory:<init> - Using ASTQueryTranslatorFactory
INFO  2007-03-08 16:46:24,665 SettingsFactory:buildSettings - Query language substitutions: {}
INFO  2007-03-08 16:46:24,665 SettingsFactory:buildSettings - Second-level cache: enabled
INFO  2007-03-08 16:46:24,665 SettingsFactory:buildSettings - Query cache: disabled
INFO  2007-03-08 16:46:24,666 SettingsFactory:createCacheProvider - Cache provider: org.hibernate.cache.EhCacheProvider
INFO  2007-03-08 16:46:24,669 SettingsFactory:buildSettings - Optimize cache for minimal puts: disabled
INFO  2007-03-08 16:46:24,669 SettingsFactory:buildSettings - Structured second-level cache entries: enabled
INFO  2007-03-08 16:46:24,673 SettingsFactory:buildSettings - Statistics: enabled
INFO  2007-03-08 16:46:24,673 SettingsFactory:buildSettings - Deleted entity synthetic identifier rollback: disabled
INFO  2007-03-08 16:46:24,674 SettingsFactory:buildSettings - Default entity-mode: pojo
INFO  2007-03-08 16:46:24,697 SessionFactoryImpl:<init> - building session factory
WARN  2007-03-08 16:46:24,730 EhCacheProvider:buildCache - Could not find configuration [org.apache.roller.pojos.TaskLockData]; using defaults.
WARN  2007-03-08 16:46:24,918 EhCacheProvider:buildCache - Could not find configuration [org.apache.roller.pojos.BookmarkData]; using defaults.
WARN  2007-03-08 16:46:24,946 EhCacheProvider:buildCache - Could not find configuration [org.apache.roller.pojos.CommentData]; using defaults.
WARN  2007-03-08 16:46:25,024 EhCacheProvider:buildCache - Could not find configuration [org.apache.roller.pojos.WeblogEntryData]; using defaults.
WARN  2007-03-08 16:46:25,090 EhCacheProvider:buildCache - Could not find configuration [org.apache.roller.pojos.FolderData]; using defaults.
WARN  2007-03-08 16:46:25,118 EhCacheProvider:buildCache - Could not find configuration [org.apache.roller.pojos.WeblogEntryTagData]; using defaults.
WARN  2007-03-08 16:46:25,133 EhCacheProvider:buildCache - Could not find configuration [org.apache.roller.pojos.PermissionsData]; using defaults.
WARN  2007-03-08 16:46:25,144 EhCacheProvider:buildCache - Could not find configuration [org.apache.roller.pojos.RoleData]; using defaults.
WARN  2007-03-08 16:46:25,158 EhCacheProvider:buildCache - Could not find configuration [org.apache.roller.pojos.WeblogTemplate]; using defaults.
WARN  2007-03-08 16:46:25,181 EhCacheProvider:buildCache - Could not find configuration [org.apache.roller.pojos.HitCountData]; using defaults.
WARN  2007-03-08 16:46:25,192 EhCacheProvider:buildCache - Could not find configuration [org.apache.roller.pojos.WeblogCategoryData]; using defaults.
WARN  2007-03-08 16:46:25,301 EhCacheProvider:buildCache - Could not find configuration [org.apache.roller.pojos.PingQueueEntryData]; using defaults.
WARN  2007-03-08 16:46:25,313 EhCacheProvider:buildCache - Could not find configuration [org.apache.roller.pojos.RefererData]; using defaults.
WARN  2007-03-08 16:46:25,342 EhCacheProvider:buildCache - Could not find configuration [org.apache.roller.pojos.PingCategoryRestrictionData]; using defaults.
WARN  2007-03-08 16:46:25,351 EhCacheProvider:buildCache - Could not find configuration [org.apache.roller.pojos.PingTargetData]; using defaults.
WARN  2007-03-08 16:46:25,365 EhCacheProvider:buildCache - Could not find configuration [org.apache.roller.pojos.AutoPingData]; using defaults.
WARN  2007-03-08 16:46:25,371 EhCacheProvider:buildCache - Could not find configuration [org.apache.roller.pojos.WeblogEntryTagAggregateData]; using defaults.
WARN  2007-03-08 16:46:25,392 EhCacheProvider:buildCache - Could not find configuration [org.apache.roller.pojos.EntryAttributeData]; using defaults.
INFO  2007-03-08 16:46:25,506 SessionFactoryObjectFactory:addInstance - Not binding factory to JNDI, no JNDI name configured
INFO  2007-03-08 16:46:25,511 RollerFactory:getRoller - Using Roller Impl: org.apache.roller.business.hibernate.HibernateRollerImpl
