2007-05-24 16:36:03,527 - Log4JLogChute initialized using file 'velocity.log'
2007-05-24 16:36:03,527 - The version of log4j being used does not support the "trace" level.
2007-05-24 16:36:03,527 - *******************************************************************
2007-05-24 16:36:03,527 - Starting Apache Velocity v1.5 (compiled: 2007-02-22 08:52:29)
2007-05-24 16:36:03,527 - RuntimeInstance initializing.
2007-05-24 16:36:03,527 - Default Properties File: org/apache/velocity/runtime/defaults/velocity.properties
2007-05-24 16:36:03,527 - Trying to use logger class org.apache.velocity.runtime.log.AvalonLogChute
2007-05-24 16:36:03,530 - Couldn't find class org.apache.velocity.runtime.log.AvalonLogChute or necessary supporting classes in classpath.
java.lang.NoClassDefFoundError: org/apache/log/format/Formatter
	at java.lang.Class.forName0(Native Method)
	at java.lang.Class.forName(Class.java:164)
	at org.apache.velocity.util.ClassUtils.getClass(ClassUtils.java:76)
	at org.apache.velocity.util.ClassUtils.getNewInstance(ClassUtils.java:95)
	at org.apache.velocity.runtime.log.LogManager.createLogChute(LogManager.java:147)
	at org.apache.velocity.runtime.log.LogManager.updateLog(LogManager.java:208)
	at org.apache.velocity.runtime.RuntimeInstance.initializeLog(RuntimeInstance.java:728)
	at org.apache.velocity.runtime.RuntimeInstance.init(RuntimeInstance.java:240)
	at org.apache.velocity.app.VelocityEngine.init(VelocityEngine.java:116)
	at org.apache.velocity.texen.ant.TexenTask.execute(TexenTask.java:483)
	at org.apache.tools.ant.UnknownElement.execute(UnknownElement.java:275)
	at org.apache.tools.ant.Task.perform(Task.java:364)
	at org.apache.tools.ant.Target.execute(Target.java:341)
	at org.apache.tools.ant.Target.performTasks(Target.java:369)
	at org.apache.tools.ant.Project.executeSortedTargets(Project.java:1216)
	at org.apache.tools.ant.helper.SingleCheckExecutor.executeTargets(SingleCheckExecutor.java:37)
	at org.apache.tools.ant.Project.executeTargets(Project.java:1068)
	at org.apache.tools.ant.taskdefs.Ant.execute(Ant.java:382)
	at org.apache.tools.ant.taskdefs.CallTarget.execute(CallTarget.java:107)
	at org.apache.tools.ant.UnknownElement.execute(UnknownElement.java:275)
	at org.apache.tools.ant.Task.perform(Task.java:364)
	at org.apache.tools.ant.Target.execute(Target.java:341)
	at org.apache.tools.ant.Target.performTasks(Target.java:369)
	at org.apache.tools.ant.Project.executeSortedTargets(Project.java:1216)
	at org.apache.tools.ant.Project.executeTarget(Project.java:1185)
	at org.apache.tools.ant.helper.DefaultExecutor.executeTargets(DefaultExecutor.java:40)
	at org.apache.tools.ant.Project.executeTargets(Project.java:1068)
	at org.apache.tools.ant.Main.runBuild(Main.java:668)
	at org.apache.tools.ant.Main.startAnt(Main.java:187)
	at org.apache.tools.ant.launch.Launcher.run(Launcher.java:246)
	at org.apache.tools.ant.launch.Launcher.main(Launcher.java:67)
2007-05-24 16:36:03,531 - Trying to use logger class org.apache.velocity.runtime.log.Log4JLogChute
2007-05-24 16:36:03,531 - Using logger class org.apache.velocity.runtime.log.Log4JLogChute
2007-05-24 16:36:03,534 - Default ResourceManager initializing. (class org.apache.velocity.runtime.resource.ResourceManagerImpl)
2007-05-24 16:36:03,538 - ResourceLoader instantiated: org.apache.velocity.runtime.resource.loader.ClasspathResourceLoader
2007-05-24 16:36:03,542 - ClasspathResourceLoader : initialization complete.
2007-05-24 16:36:03,558 - ResourceCache: initialized (class org.apache.velocity.runtime.resource.ResourceCacheImpl)
2007-05-24 16:36:03,558 - Default ResourceManager initialization complete.
2007-05-24 16:36:03,560 - Loaded System Directive: org.apache.velocity.runtime.directive.Literal
2007-05-24 16:36:03,564 - Loaded System Directive: org.apache.velocity.runtime.directive.Macro
2007-05-24 16:36:03,566 - Loaded System Directive: org.apache.velocity.runtime.directive.Parse
2007-05-24 16:36:03,568 - Loaded System Directive: org.apache.velocity.runtime.directive.Include
2007-05-24 16:36:03,570 - Loaded System Directive: org.apache.velocity.runtime.directive.Foreach
2007-05-24 16:36:03,615 - Created '20' parsers.
2007-05-24 16:36:03,629 - Velocimacro : initialization starting.
2007-05-24 16:36:03,629 - Velocimacro : "velocimacro.library" is not set.  Trying default library: VM_global_library.vm
2007-05-24 16:36:03,630 - Velocimacro : Default library not found.
2007-05-24 16:36:03,630 - Velocimacro : allowInline = true : VMs can be defined inline in templates
2007-05-24 16:36:03,630 - Velocimacro : allowInlineToOverride = false : VMs defined inline may NOT replace previous VM definitions
2007-05-24 16:36:03,630 - Velocimacro : allowInlineLocal = false : VMs defined inline will be global in scope if allowed.
2007-05-24 16:36:03,630 - Velocimacro : autoload off : VM system will not automatically reload global library macros
2007-05-24 16:36:03,630 - Velocimacro : Velocimacro : initialization complete.
2007-05-24 16:36:03,630 - RuntimeInstance successfully initialized.
2007-05-24 16:36:03,667 - ResourceManager : found control.vm with loader org.apache.velocity.runtime.resource.loader.ClasspathResourceLoader
2007-05-24 16:36:03,677 - Velocimacro : added #addColumnNull(  table column type ) : source = macros.vm
2007-05-24 16:36:03,684 - Velocimacro : added #addColumnNotNull(  table column type default ) : source = macros.vm
2007-05-24 16:36:03,685 - Velocimacro : added #dropNotNullFromTableId(  table ) : source = macros.vm
2007-05-24 16:36:03,687 - Velocimacro : added #longtext(  size ) : source = macros.vm
2007-05-24 16:36:03,687 - ResourceManager : found macros.vm with loader org.apache.velocity.runtime.resource.loader.ClasspathResourceLoader
2007-05-24 16:36:03,706 - ResourceManager : found createdb.vm with loader org.apache.velocity.runtime.resource.loader.ClasspathResourceLoader
2007-05-24 16:36:03,713 - ResourceManager : found createdb.vm with loader org.apache.velocity.runtime.resource.loader.ClasspathResourceLoader
2007-05-24 16:36:03,719 - ResourceManager : found createdb.vm with loader org.apache.velocity.runtime.resource.loader.ClasspathResourceLoader
2007-05-24 16:36:03,723 - ResourceManager : found createdb.vm with loader org.apache.velocity.runtime.resource.loader.ClasspathResourceLoader
2007-05-24 16:36:03,725 - ResourceManager : found createdb.vm with loader org.apache.velocity.runtime.resource.loader.ClasspathResourceLoader
2007-05-24 16:36:03,728 - ResourceManager : found createdb.vm with loader org.apache.velocity.runtime.resource.loader.ClasspathResourceLoader
2007-05-24 16:36:03,733 - ResourceManager : found createdb.vm with loader org.apache.velocity.runtime.resource.loader.ClasspathResourceLoader
2007-05-24 17:31:56,635 - Log4JLogChute initialized using file 'velocity.log'
2007-05-24 17:31:56,635 - The version of log4j being used does not support the "trace" level.
2007-05-24 17:31:56,635 - *******************************************************************
2007-05-24 17:31:56,635 - Starting Apache Velocity v1.5 (compiled: 2007-02-22 08:52:29)
2007-05-24 17:31:56,635 - RuntimeInstance initializing.
2007-05-24 17:31:56,635 - Default Properties File: org/apache/velocity/runtime/defaults/velocity.properties
2007-05-24 17:31:56,635 - Trying to use logger class org.apache.velocity.runtime.log.AvalonLogChute
2007-05-24 17:31:56,638 - Couldn't find class org.apache.velocity.runtime.log.AvalonLogChute or necessary supporting classes in classpath.
java.lang.NoClassDefFoundError: org/apache/log/format/Formatter
	at java.lang.Class.forName0(Native Method)
	at java.lang.Class.forName(Class.java:164)
	at org.apache.velocity.util.ClassUtils.getClass(ClassUtils.java:76)
	at org.apache.velocity.util.ClassUtils.getNewInstance(ClassUtils.java:95)
	at org.apache.velocity.runtime.log.LogManager.createLogChute(LogManager.java:147)
	at org.apache.velocity.runtime.log.LogManager.updateLog(LogManager.java:208)
	at org.apache.velocity.runtime.RuntimeInstance.initializeLog(RuntimeInstance.java:728)
	at org.apache.velocity.runtime.RuntimeInstance.init(RuntimeInstance.java:240)
	at org.apache.velocity.app.VelocityEngine.init(VelocityEngine.java:116)
	at org.apache.velocity.texen.ant.TexenTask.execute(TexenTask.java:483)
	at org.apache.tools.ant.UnknownElement.execute(UnknownElement.java:275)
	at org.apache.tools.ant.Task.perform(Task.java:364)
	at org.apache.tools.ant.Target.execute(Target.java:341)
	at org.apache.tools.ant.Target.performTasks(Target.java:369)
	at org.apache.tools.ant.Project.executeSortedTargets(Project.java:1216)
	at org.apache.tools.ant.helper.SingleCheckExecutor.executeTargets(SingleCheckExecutor.java:37)
	at org.apache.tools.ant.Project.executeTargets(Project.java:1068)
	at org.apache.tools.ant.taskdefs.Ant.execute(Ant.java:382)
	at org.apache.tools.ant.taskdefs.CallTarget.execute(CallTarget.java:107)
	at org.apache.tools.ant.UnknownElement.execute(UnknownElement.java:275)
	at org.apache.tools.ant.Task.perform(Task.java:364)
	at org.apache.tools.ant.Target.execute(Target.java:341)
	at org.apache.tools.ant.Target.performTasks(Target.java:369)
	at org.apache.tools.ant.Project.executeSortedTargets(Project.java:1216)
	at org.apache.tools.ant.Project.executeTarget(Project.java:1185)
	at org.apache.tools.ant.helper.DefaultExecutor.executeTargets(DefaultExecutor.java:40)
	at org.apache.tools.ant.Project.executeTargets(Project.java:1068)
	at org.apache.tools.ant.Main.runBuild(Main.java:668)
	at org.apache.tools.ant.Main.startAnt(Main.java:187)
	at org.apache.tools.ant.launch.Launcher.run(Launcher.java:246)
	at org.apache.tools.ant.launch.Launcher.main(Launcher.java:67)
2007-05-24 17:31:56,640 - Trying to use logger class org.apache.velocity.runtime.log.Log4JLogChute
2007-05-24 17:31:56,640 - Using logger class org.apache.velocity.runtime.log.Log4JLogChute
2007-05-24 17:31:56,643 - Default ResourceManager initializing. (class org.apache.velocity.runtime.resource.ResourceManagerImpl)
2007-05-24 17:31:56,646 - ResourceLoader instantiated: org.apache.velocity.runtime.resource.loader.ClasspathResourceLoader
2007-05-24 17:31:56,648 - ClasspathResourceLoader : initialization complete.
2007-05-24 17:31:56,667 - ResourceCache: initialized (class org.apache.velocity.runtime.resource.ResourceCacheImpl)
2007-05-24 17:31:56,667 - Default ResourceManager initialization complete.
2007-05-24 17:31:56,669 - Loaded System Directive: org.apache.velocity.runtime.directive.Literal
2007-05-24 17:31:56,671 - Loaded System Directive: org.apache.velocity.runtime.directive.Macro
2007-05-24 17:31:56,673 - Loaded System Directive: org.apache.velocity.runtime.directive.Parse
2007-05-24 17:31:56,676 - Loaded System Directive: org.apache.velocity.runtime.directive.Include
2007-05-24 17:31:56,677 - Loaded System Directive: org.apache.velocity.runtime.directive.Foreach
2007-05-24 17:31:56,727 - Created '20' parsers.
2007-05-24 17:31:56,740 - Velocimacro : initialization starting.
2007-05-24 17:31:56,740 - Velocimacro : "velocimacro.library" is not set.  Trying default library: VM_global_library.vm
2007-05-24 17:31:56,741 - Velocimacro : Default library not found.
2007-05-24 17:31:56,741 - Velocimacro : allowInline = true : VMs can be defined inline in templates
2007-05-24 17:31:56,741 - Velocimacro : allowInlineToOverride = false : VMs defined inline may NOT replace previous VM definitions
2007-05-24 17:31:56,741 - Velocimacro : allowInlineLocal = false : VMs defined inline will be global in scope if allowed.
2007-05-24 17:31:56,741 - Velocimacro : autoload off : VM system will not automatically reload global library macros
2007-05-24 17:31:56,741 - Velocimacro : Velocimacro : initialization complete.
2007-05-24 17:31:56,741 - RuntimeInstance successfully initialized.
2007-05-24 17:31:56,839 - ResourceManager : found control.vm with loader org.apache.velocity.runtime.resource.loader.ClasspathResourceLoader
2007-05-24 17:31:56,851 - Velocimacro : added #addColumnNull(  table column type ) : source = macros.vm
2007-05-24 17:31:56,857 - Velocimacro : added #addColumnNotNull(  table column type default ) : source = macros.vm
2007-05-24 17:31:56,859 - Velocimacro : added #dropNotNullFromTableId(  table ) : source = macros.vm
2007-05-24 17:31:56,860 - Velocimacro : added #longtext(  size ) : source = macros.vm
2007-05-24 17:31:56,860 - ResourceManager : found macros.vm with loader org.apache.velocity.runtime.resource.loader.ClasspathResourceLoader
2007-05-24 17:31:56,877 - ResourceManager : found createdb.vm with loader org.apache.velocity.runtime.resource.loader.ClasspathResourceLoader
2007-05-24 17:31:56,886 - ResourceManager : found createdb.vm with loader org.apache.velocity.runtime.resource.loader.ClasspathResourceLoader
2007-05-24 17:31:56,892 - ResourceManager : found createdb.vm with loader org.apache.velocity.runtime.resource.loader.ClasspathResourceLoader
2007-05-24 17:31:56,896 - ResourceManager : found createdb.vm with loader org.apache.velocity.runtime.resource.loader.ClasspathResourceLoader
2007-05-24 17:31:56,898 - ResourceManager : found createdb.vm with loader org.apache.velocity.runtime.resource.loader.ClasspathResourceLoader
2007-05-24 17:31:56,901 - ResourceManager : found createdb.vm with loader org.apache.velocity.runtime.resource.loader.ClasspathResourceLoader
2007-05-24 17:31:56,905 - ResourceManager : found createdb.vm with loader org.apache.velocity.runtime.resource.loader.ClasspathResourceLoader
